# JRE version: Java(TM) SE Runtime Environment (21.0.6+8) (build 21.0.6+8-LTS-188)
# Java VM: Java HotSpot(TM) 64-Bit Server VM (21.0.6+8-LTS-188, mixed mode, sharing, tiered, compressed oops, compressed class ptrs, g1 gc, windows-amd64)
GC Precious Log:
 CardTable entry size: 512
 Card Set container configuration: InlinePtr #cards 4 size 8 Array Of Cards #cards 16 size 48 Howl #buckets 8 coarsen threshold 3686 Howl Bitmap #cards 512 size 80 coarsen threshold 460 Card regions per heap region 1 cards per card region 4096
 CPUs: 4 total, 4 available
 Memory: 12172M
 Large Page Support: Disabled
 NUMA Support: Disabled
 Compressed Oops: Enabled (Zero based)
 Heap Region Size: 2M
 Heap Min Capacity: 8M
 Heap Initial Capacity: 192M
 Heap Max Capacity: 3044M
 Pre-touch: Disabled
 Parallel Workers: 4
 Concurrent Workers: 1
 Concurrent Refinement Workers: 4
 Periodic GC: Disabled
Heap:
 garbage-first heap   total 163840K, used 93574K [0x0000000741c00000, 0x0000000800000000)
  region size 2048K, 8 young (16384K), 2 survivors (4096K)
 Metaspace       used 37422K, committed 38080K, reserved 1114112K
  class space    used 4054K, committed 4352K, reserved 1048576K
GC Heap History (20 events):
Event: 7.324 GC heap before
{Heap before GC invocations=4 (full 0):
 garbage-first heap   total 196608K, used 58123K [0x0000000741c00000, 0x0000000800000000)
  region size 2048K, 24 young (49152K), 6 survivors (12288K)
 Metaspace       used 21215K, committed 21504K, reserved 1114112K
  class space    used 2415K, committed 2560K, reserved 1048576K
}
Event: 7.347 GC heap after
{Heap after GC invocations=5 (full 0):
 garbage-first heap   total 196608K, used 28537K [0x0000000741c00000, 0x0000000800000000)
  region size 2048K, 3 young (6144K), 3 survivors (6144K)
 Metaspace       used 21215K, committed 21504K, reserved 1114112K
  class space    used 2415K, committed 2560K, reserved 1048576K
}
Event: 9.380 GC heap before
{Heap before GC invocations=6 (full 0):
 garbage-first heap   total 102400K, used 81785K [0x0000000741c00000, 0x0000000800000000)
  region size 2048K, 30 young (61440K), 3 survivors (6144K)
 Metaspace       used 26609K, committed 26944K, reserved 1114112K
  class space    used 2973K, committed 3136K, reserved 1048576K
}
Event: 9.408 GC heap after
{Heap after GC invocations=7 (full 0):
 garbage-first heap   total 114688K, used 46222K [0x0000000741c00000, 0x0000000800000000)
  region size 2048K, 4 young (8192K), 4 survivors (8192K)
 Metaspace       used 26609K, committed 26944K, reserved 1114112K
  class space    used 2973K, committed 3136K, reserved 1048576K
}
Event: 10.684 GC heap before
{Heap before GC invocations=7 (full 0):
 garbage-first heap   total 114688K, used 89230K [0x0000000741c00000, 0x0000000800000000)
  region size 2048K, 24 young (49152K), 4 survivors (8192K)
 Metaspace       used 27727K, committed 28160K, reserved 1114112K
  class space    used 3045K, committed 3264K, reserved 1048576K
}
Event: 10.714 GC heap after
{Heap after GC invocations=8 (full 0):
 garbage-first heap   total 114688K, used 55296K [0x0000000741c00000, 0x0000000800000000)
  region size 2048K, 3 young (6144K), 3 survivors (6144K)
 Metaspace       used 27727K, committed 28160K, reserved 1114112K
  class space    used 3045K, committed 3264K, reserved 1048576K
}
Event: 11.774 GC heap before
{Heap before GC invocations=8 (full 0):
 garbage-first heap   total 114688K, used 92160K [0x0000000741c00000, 0x0000000800000000)
  region size 2048K, 22 young (45056K), 3 survivors (6144K)
 Metaspace       used 29445K, committed 29888K, reserved 1114112K
  class space    used 3237K, committed 3456K, reserved 1048576K
}
Event: 11.785 GC heap after
{Heap after GC invocations=9 (full 0):
 garbage-first heap   total 139264K, used 57048K [0x0000000741c00000, 0x0000000800000000)
  region size 2048K, 1 young (2048K), 1 survivors (2048K)
 Metaspace       used 29445K, committed 29888K, reserved 1114112K
  class space    used 3237K, committed 3456K, reserved 1048576K
}
Event: 12.919 GC heap before
{Heap before GC invocations=9 (full 0):
 garbage-first heap   total 139264K, used 112344K [0x0000000741c00000, 0x0000000800000000)
  region size 2048K, 28 young (57344K), 1 survivors (2048K)
 Metaspace       used 30188K, committed 30656K, reserved 1114112K
  class space    used 3322K, committed 3520K, reserved 1048576K
}
Event: 12.924 GC heap after
{Heap after GC invocations=10 (full 0):
 garbage-first heap   total 139264K, used 57207K [0x0000000741c00000, 0x0000000800000000)
  region size 2048K, 1 young (2048K), 1 survivors (2048K)
 Metaspace       used 30188K, committed 30656K, reserved 1114112K
  class space    used 3322K, committed 3520K, reserved 1048576K
}
Event: 15.672 GC heap before
{Heap before GC invocations=10 (full 0):
 garbage-first heap   total 139264K, used 116599K [0x0000000741c00000, 0x0000000800000000)
  region size 2048K, 30 young (61440K), 1 survivors (2048K)
 Metaspace       used 32375K, committed 32896K, reserved 1114112K
  class space    used 3552K, committed 3776K, reserved 1048576K
}
Event: 15.681 GC heap after
{Heap after GC invocations=11 (full 0):
 garbage-first heap   total 139264K, used 58393K [0x0000000741c00000, 0x0000000800000000)
  region size 2048K, 2 young (4096K), 2 survivors (4096K)
 Metaspace       used 32375K, committed 32896K, reserved 1114112K
  class space    used 3552K, committed 3776K, reserved 1048576K
}
Event: 17.861 GC heap before
{Heap before GC invocations=11 (full 0):
 garbage-first heap   total 139264K, used 123929K [0x0000000741c00000, 0x0000000800000000)
  region size 2048K, 32 young (65536K), 2 survivors (4096K)
 Metaspace       used 32890K, committed 33408K, reserved 1114112K
  class space    used 3589K, committed 3840K, reserved 1048576K
}
Event: 17.880 GC heap after
{Heap after GC invocations=12 (full 0):
 garbage-first heap   total 139264K, used 72749K [0x0000000741c00000, 0x0000000800000000)
  region size 2048K, 4 young (8192K), 4 survivors (8192K)
 Metaspace       used 32890K, committed 33408K, reserved 1114112K
  class space    used 3589K, committed 3840K, reserved 1048576K
}
Event: 18.493 GC heap before
{Heap before GC invocations=12 (full 0):
 garbage-first heap   total 139264K, used 117805K [0x0000000741c00000, 0x0000000800000000)
  region size 2048K, 26 young (53248K), 4 survivors (8192K)
 Metaspace       used 32930K, committed 33472K, reserved 1114112K
  class space    used 3589K, committed 3840K, reserved 1048576K
}
Event: 18.518 GC heap after
{Heap after GC invocations=13 (full 0):
 garbage-first heap   total 145408K, used 90604K [0x0000000741c00000, 0x0000000800000000)
  region size 2048K, 4 young (8192K), 4 survivors (8192K)
 Metaspace       used 32930K, committed 33472K, reserved 1114112K
  class space    used 3589K, committed 3840K, reserved 1048576K
}
Event: 19.514 GC heap before
{Heap before GC invocations=14 (full 0):
 garbage-first heap   total 163840K, used 119276K [0x0000000741c00000, 0x0000000800000000)
  region size 2048K, 19 young (38912K), 4 survivors (8192K)
 Metaspace       used 33952K, committed 34560K, reserved 1114112K
  class space    used 3712K, committed 3968K, reserved 1048576K
}
Event: 19.524 GC heap after
{Heap after GC invocations=15 (full 0):
 garbage-first heap   total 163840K, used 94465K [0x0000000741c00000, 0x0000000800000000)
  region size 2048K, 2 young (4096K), 2 survivors (4096K)
 Metaspace       used 33952K, committed 34560K, reserved 1114112K
  class space    used 3712K, committed 3968K, reserved 1048576K
}
Event: 20.706 GC heap before
{Heap before GC invocations=15 (full 0):
 garbage-first heap   total 163840K, used 135425K [0x0000000741c00000, 0x0000000800000000)
  region size 2048K, 22 young (45056K), 2 survivors (4096K)
 Metaspace       used 35760K, committed 36416K, reserved 1114112K
  class space    used 3871K, committed 4160K, reserved 1048576K
}
Event: 20.719 GC heap after
{Heap after GC invocations=16 (full 0):
 garbage-first heap   total 163840K, used 83334K [0x0000000741c00000, 0x0000000800000000)
  region size 2048K, 2 young (4096K), 2 survivors (4096K)
 Metaspace       used 35760K, committed 36416K, reserved 1114112K
  class space    used 3871K, committed 4160K, reserved 1048576K
}

