# JRE version: Java(TM) SE Runtime Environment (21.0.6+8) (build 21.0.6+8-LTS-188)
# Java VM: Java HotSpot(TM) 64-Bit Server VM (21.0.6+8-LTS-188, mixed mode, sharing, tiered, compressed oops, compressed class ptrs, g1 gc, windows-amd64)
GC Precious Log:
 CardTable entry size: 512
 Card Set container configuration: InlinePtr #cards 5 size 8 Array Of Cards #cards 12 size 40 Howl #buckets 4 coarsen threshold 1843 Howl Bitmap #cards 512 size 80 coarsen threshold 460 Card regions per heap region 1 cards per card region 2048
 CPUs: 4 total, 4 available
 Memory: 12172M
 Large Page Support: Disabled
 NUMA Support: Disabled
 Compressed Oops: Enabled (32-bit)
 Heap Region Size: 1M
 Heap Min Capacity: 128M
 Heap Initial Capacity: 128M
 Heap Max Capacity: 256M
 Pre-touch: Disabled
 Parallel Workers: 4
 Concurrent Workers: 1
 Concurrent Refinement Workers: 4
 Periodic GC: Disabled
Heap:
 garbage-first heap   total 131072K, used 86458K [0x00000000f0000000, 0x0000000100000000)
  region size 1024K, 37 young (37888K), 6 survivors (6144K)
 Metaspace       used 29836K, committed 30336K, reserved 1114112K
  class space    used 3300K, committed 3520K, reserved 1048576K
GC Heap History (14 events):
Event: 0.901 GC heap before
{Heap before GC invocations=0 (full 0):
 garbage-first heap   total 131072K, used 13312K [0x00000000f0000000, 0x0000000100000000)
  region size 1024K, 13 young (13312K), 0 survivors (0K)
 Metaspace       used 3679K, committed 3904K, reserved 1114112K
  class space    used 374K, committed 512K, reserved 1048576K
}
Event: 0.907 GC heap after
{Heap after GC invocations=1 (full 0):
 garbage-first heap   total 131072K, used 3221K [0x00000000f0000000, 0x0000000100000000)
  region size 1024K, 2 young (2048K), 2 survivors (2048K)
 Metaspace       used 3679K, committed 3904K, reserved 1114112K
  class space    used 374K, committed 512K, reserved 1048576K
}
Event: 1.448 GC heap before
{Heap before GC invocations=1 (full 0):
 garbage-first heap   total 131072K, used 19605K [0x00000000f0000000, 0x0000000100000000)
  region size 1024K, 18 young (18432K), 2 survivors (2048K)
 Metaspace       used 6257K, committed 6464K, reserved 1114112K
  class space    used 722K, committed 832K, reserved 1048576K
}
Event: 1.457 GC heap after
{Heap after GC invocations=2 (full 0):
 garbage-first heap   total 131072K, used 4188K [0x00000000f0000000, 0x0000000100000000)
  region size 1024K, 1 young (1024K), 1 survivors (1024K)
 Metaspace       used 6257K, committed 6464K, reserved 1114112K
  class space    used 722K, committed 832K, reserved 1048576K
}
Event: 4.641 GC heap before
{Heap before GC invocations=2 (full 0):
 garbage-first heap   total 131072K, used 79964K [0x00000000f0000000, 0x0000000100000000)
  region size 1024K, 76 young (77824K), 1 survivors (1024K)
 Metaspace       used 15851K, committed 16064K, reserved 1114112K
  class space    used 1843K, committed 1920K, reserved 1048576K
}
Event: 4.665 GC heap after
{Heap after GC invocations=3 (full 0):
 garbage-first heap   total 131072K, used 12212K [0x00000000f0000000, 0x0000000100000000)
  region size 1024K, 9 young (9216K), 9 survivors (9216K)
 Metaspace       used 15851K, committed 16064K, reserved 1114112K
  class space    used 1843K, committed 1920K, reserved 1048576K
}
Event: 6.511 GC heap before
{Heap before GC invocations=3 (full 0):
 garbage-first heap   total 143360K, used 127924K [0x00000000f0000000, 0x0000000100000000)
  region size 1024K, 71 young (72704K), 9 survivors (9216K)
 Metaspace       used 17569K, committed 17856K, reserved 1114112K
  class space    used 1980K, committed 2112K, reserved 1048576K
}
Event: 6.536 GC heap after
{Heap after GC invocations=4 (full 0):
 garbage-first heap   total 143360K, used 36096K [0x00000000f0000000, 0x0000000100000000)
  region size 1024K, 4 young (4096K), 4 survivors (4096K)
 Metaspace       used 17569K, committed 17856K, reserved 1114112K
  class space    used 1980K, committed 2112K, reserved 1048576K
}
Event: 7.761 GC heap before
{Heap before GC invocations=4 (full 0):
 garbage-first heap   total 143360K, used 87296K [0x00000000f0000000, 0x0000000100000000)
  region size 1024K, 37 young (37888K), 4 survivors (4096K)
 Metaspace       used 21226K, committed 21504K, reserved 1114112K
  class space    used 2425K, committed 2560K, reserved 1048576K
}
Event: 7.774 GC heap after
{Heap after GC invocations=5 (full 0):
 garbage-first heap   total 143360K, used 27017K [0x00000000f0000000, 0x0000000100000000)
  region size 1024K, 9 young (9216K), 9 survivors (9216K)
 Metaspace       used 21226K, committed 21504K, reserved 1114112K
  class space    used 2425K, committed 2560K, reserved 1048576K
}
Event: 10.007 GC heap before
{Heap before GC invocations=6 (full 0):
 garbage-first heap   total 131072K, used 96649K [0x00000000f0000000, 0x0000000100000000)
  region size 1024K, 76 young (77824K), 9 survivors (9216K)
 Metaspace       used 26882K, committed 27264K, reserved 1114112K
  class space    used 2999K, committed 3200K, reserved 1048576K
}
Event: 10.040 GC heap after
{Heap after GC invocations=7 (full 0):
 garbage-first heap   total 131072K, used 47497K [0x00000000f0000000, 0x0000000100000000)
  region size 1024K, 10 young (10240K), 10 survivors (10240K)
 Metaspace       used 26882K, committed 27264K, reserved 1114112K
  class space    used 2999K, committed 3200K, reserved 1048576K
}
Event: 12.062 GC heap before
{Heap before GC invocations=7 (full 0):
 garbage-first heap   total 131072K, used 104841K [0x00000000f0000000, 0x0000000100000000)
  region size 1024K, 64 young (65536K), 10 survivors (10240K)
 Metaspace       used 29209K, committed 29568K, reserved 1114112K
  class space    used 3213K, committed 3392K, reserved 1048576K
}
Event: 12.083 GC heap after
{Heap after GC invocations=8 (full 0):
 garbage-first heap   total 131072K, used 55738K [0x00000000f0000000, 0x0000000100000000)
  region size 1024K, 6 young (6144K), 6 survivors (6144K)
 Metaspace       used 29209K, committed 29568K, reserved 1114112K
  class space    used 3213K, committed 3392K, reserved 1048576K
}

